{"C:\\Users\\ss998\\web dev\\Namaste React\\src\\components\\Body.js": {"path":"C:\\Users\\ss998\\web dev\\Namaste React\\src\\components\\Body.js","statementMap":{"0":{"start":{"line":8,"column":11},"end":{"line":81,"column":1}},"1":{"start":{"line":10,"column":33},"end":{"line":10,"column":45}},"2":{"start":{"line":11,"column":51},"end":{"line":11,"column":63}},"3":{"start":{"line":12,"column":37},"end":{"line":12,"column":49}},"4":{"start":{"line":14,"column":26},"end":{"line":14,"column":52}},"5":{"start":{"line":16,"column":4},"end":{"line":18,"column":10}},"6":{"start":{"line":17,"column":8},"end":{"line":17,"column":20}},"7":{"start":{"line":20,"column":20},"end":{"line":28,"column":5}},"8":{"start":{"line":21,"column":19},"end":{"line":23,"column":9}},"9":{"start":{"line":24,"column":19},"end":{"line":24,"column":36}},"10":{"start":{"line":26,"column":8},"end":{"line":26,"column":95}},"11":{"start":{"line":27,"column":8},"end":{"line":27,"column":105}},"12":{"start":{"line":30,"column":23},"end":{"line":30,"column":40}},"13":{"start":{"line":32,"column":4},"end":{"line":32,"column":95}},"14":{"start":{"line":32,"column":29},"end":{"line":32,"column":95}},"15":{"start":{"line":34,"column":37},"end":{"line":34,"column":60}},"16":{"start":{"line":36,"column":4},"end":{"line":36,"column":46}},"17":{"start":{"line":36,"column":29},"end":{"line":36,"column":46}},"18":{"start":{"line":38,"column":4},"end":{"line":80,"column":5}},"19":{"start":{"line":45,"column":20},"end":{"line":45,"column":50}},"20":{"start":{"line":48,"column":38},"end":{"line":48,"column":125}},"21":{"start":{"line":48,"column":62},"end":{"line":48,"column":124}},"22":{"start":{"line":49,"column":20},"end":{"line":49,"column":54}},"23":{"start":{"line":54,"column":39},"end":{"line":56,"column":21}},"24":{"start":{"line":55,"column":31},"end":{"line":55,"column":53}},"25":{"start":{"line":57,"column":20},"end":{"line":57,"column":55}},"26":{"start":{"line":65,"column":31},"end":{"line":65,"column":58}},"27":{"start":{"line":72,"column":20},"end":{"line":76,"column":54}}},"fnMap":{"0":{"name":"(anonymous_0)","decl":{"start":{"line":8,"column":11},"end":{"line":8,"column":12}},"loc":{"start":{"line":8,"column":15},"end":{"line":81,"column":1}},"line":8},"1":{"name":"(anonymous_1)","decl":{"start":{"line":16,"column":14},"end":{"line":16,"column":15}},"loc":{"start":{"line":16,"column":18},"end":{"line":18,"column":5}},"line":16},"2":{"name":"(anonymous_2)","decl":{"start":{"line":20,"column":20},"end":{"line":20,"column":21}},"loc":{"start":{"line":20,"column":29},"end":{"line":28,"column":5}},"line":20},"3":{"name":"(anonymous_3)","decl":{"start":{"line":44,"column":90},"end":{"line":44,"column":91}},"loc":{"start":{"line":44,"column":95},"end":{"line":46,"column":17}},"line":44},"4":{"name":"(anonymous_4)","decl":{"start":{"line":47,"column":83},"end":{"line":47,"column":84}},"loc":{"start":{"line":47,"column":87},"end":{"line":50,"column":17}},"line":47},"5":{"name":"(anonymous_5)","decl":{"start":{"line":48,"column":55},"end":{"line":48,"column":56}},"loc":{"start":{"line":48,"column":62},"end":{"line":48,"column":124}},"line":48},"6":{"name":"(anonymous_6)","decl":{"start":{"line":53,"column":74},"end":{"line":53,"column":75}},"loc":{"start":{"line":53,"column":78},"end":{"line":58,"column":21}},"line":53},"7":{"name":"(anonymous_7)","decl":{"start":{"line":55,"column":24},"end":{"line":55,"column":25}},"loc":{"start":{"line":55,"column":31},"end":{"line":55,"column":53}},"line":55},"8":{"name":"(anonymous_8)","decl":{"start":{"line":65,"column":26},"end":{"line":65,"column":27}},"loc":{"start":{"line":65,"column":31},"end":{"line":65,"column":58}},"line":65},"9":{"name":"(anonymous_9)","decl":{"start":{"line":71,"column":39},"end":{"line":71,"column":40}},"loc":{"start":{"line":72,"column":20},"end":{"line":76,"column":54}},"line":72}},"branchMap":{"0":{"loc":{"start":{"line":32,"column":4},"end":{"line":32,"column":95}},"type":"if","locations":[{"start":{"line":32,"column":4},"end":{"line":32,"column":95}},{"start":{},"end":{}}],"line":32},"1":{"loc":{"start":{"line":36,"column":4},"end":{"line":36,"column":46}},"type":"if","locations":[{"start":{"line":36,"column":4},"end":{"line":36,"column":46}},{"start":{},"end":{}}],"line":36},"2":{"loc":{"start":{"line":74,"column":20},"end":{"line":76,"column":46}},"type":"cond-expr","locations":[{"start":{"line":75,"column":22},"end":{"line":75,"column":54}},{"start":{"line":76,"column":21},"end":{"line":76,"column":45}}],"line":74}},"s":{"0":1,"1":7,"2":7,"3":7,"4":7,"5":7,"6":2,"7":7,"8":2,"9":2,"10":2,"11":2,"12":7,"13":7,"14":0,"15":7,"16":7,"17":2,"18":5,"19":1,"20":1,"21":20,"22":1,"23":1,"24":20,"25":1,"26":0,"27":66},"f":{"0":7,"1":2,"2":2,"3":1,"4":1,"5":20,"6":1,"7":20,"8":0,"9":66},"b":{"0":[0,7],"1":[2,5],"2":[12,54]},"_coverageSchema":"1a1c01bbd47fc00a2c39e90264f33305004495a9","hash":"b79ae38c642e2e7963770ace4683a5cbb5af9288"}
,"C:\\Users\\ss998\\web dev\\Namaste React\\src\\components\\Cart.js": {"path":"C:\\Users\\ss998\\web dev\\Namaste React\\src\\components\\Cart.js","statementMap":{"0":{"start":{"line":5,"column":11},"end":{"line":27,"column":1}},"1":{"start":{"line":7,"column":20},"end":{"line":7,"column":60}},"2":{"start":{"line":7,"column":42},"end":{"line":7,"column":58}},"3":{"start":{"line":9,"column":19},"end":{"line":9,"column":32}},"4":{"start":{"line":11,"column":26},"end":{"line":13,"column":5}},"5":{"start":{"line":12,"column":8},"end":{"line":12,"column":29}},"6":{"start":{"line":15,"column":4},"end":{"line":25,"column":10}}},"fnMap":{"0":{"name":"(anonymous_0)","decl":{"start":{"line":5,"column":11},"end":{"line":5,"column":12}},"loc":{"start":{"line":5,"column":15},"end":{"line":27,"column":1}},"line":5},"1":{"name":"(anonymous_1)","decl":{"start":{"line":7,"column":32},"end":{"line":7,"column":33}},"loc":{"start":{"line":7,"column":42},"end":{"line":7,"column":58}},"line":7},"2":{"name":"(anonymous_2)","decl":{"start":{"line":11,"column":26},"end":{"line":11,"column":27}},"loc":{"start":{"line":11,"column":30},"end":{"line":13,"column":5}},"line":11}},"branchMap":{"0":{"loc":{"start":{"line":22,"column":9},"end":{"line":22,"column":65}},"type":"binary-expr","locations":[{"start":{"line":22,"column":9},"end":{"line":22,"column":29}},{"start":{"line":22,"column":33},"end":{"line":22,"column":65}}],"line":22}},"s":{"0":1,"1":4,"2":8,"3":4,"4":4,"5":1,"6":4},"f":{"0":4,"1":8,"2":1},"b":{"0":[4,2]},"_coverageSchema":"1a1c01bbd47fc00a2c39e90264f33305004495a9","hash":"071bac4ff90445091fcc332668742d136c60e37e"}
,"C:\\Users\\ss998\\web dev\\Namaste React\\src\\components\\Contact.js": {"path":"C:\\Users\\ss998\\web dev\\Namaste React\\src\\components\\Contact.js","statementMap":{"0":{"start":{"line":1,"column":14},"end":{"line":10,"column":1}},"1":{"start":{"line":2,"column":3},"end":{"line":9,"column":11}}},"fnMap":{"0":{"name":"(anonymous_0)","decl":{"start":{"line":1,"column":14},"end":{"line":1,"column":15}},"loc":{"start":{"line":1,"column":18},"end":{"line":10,"column":1}},"line":1}},"branchMap":{},"s":{"0":1,"1":3},"f":{"0":3},"b":{},"_coverageSchema":"1a1c01bbd47fc00a2c39e90264f33305004495a9","hash":"2ec73f8baeabb7683cfd4f663bc2db11d7db510c"}
,"C:\\Users\\ss998\\web dev\\Namaste React\\src\\components\\Header.js": {"path":"C:\\Users\\ss998\\web dev\\Namaste React\\src\\components\\Header.js","statementMap":{"0":{"start":{"line":8,"column":13},"end":{"line":42,"column":1}},"1":{"start":{"line":9,"column":41},"end":{"line":9,"column":58}},"2":{"start":{"line":13,"column":25},"end":{"line":13,"column":48}},"3":{"start":{"line":15,"column":21},"end":{"line":15,"column":59}},"4":{"start":{"line":15,"column":42},"end":{"line":15,"column":58}},"5":{"start":{"line":18,"column":4},"end":{"line":41,"column":5}},"6":{"start":{"line":35,"column":24},"end":{"line":35,"column":98}}},"fnMap":{"0":{"name":"(anonymous_0)","decl":{"start":{"line":8,"column":13},"end":{"line":8,"column":14}},"loc":{"start":{"line":8,"column":17},"end":{"line":42,"column":1}},"line":8},"1":{"name":"(anonymous_1)","decl":{"start":{"line":15,"column":33},"end":{"line":15,"column":34}},"loc":{"start":{"line":15,"column":42},"end":{"line":15,"column":58}},"line":15},"2":{"name":"(anonymous_2)","decl":{"start":{"line":34,"column":84},"end":{"line":34,"column":85}},"loc":{"start":{"line":34,"column":88},"end":{"line":36,"column":21}},"line":34}},"branchMap":{"0":{"loc":{"start":{"line":35,"column":24},"end":{"line":35,"column":97}},"type":"cond-expr","locations":[{"start":{"line":35,"column":47},"end":{"line":35,"column":72}},{"start":{"line":35,"column":73},"end":{"line":35,"column":97}}],"line":35}},"s":{"0":2,"1":9,"2":9,"3":9,"4":17,"5":9,"6":1},"f":{"0":9,"1":17,"2":1},"b":{"0":[1,0]},"_coverageSchema":"1a1c01bbd47fc00a2c39e90264f33305004495a9","hash":"26e01a818d78e4a31e9bff17e825366849f3dab2"}
,"C:\\Users\\ss998\\web dev\\Namaste React\\src\\components\\ItemList.js": {"path":"C:\\Users\\ss998\\web dev\\Namaste React\\src\\components\\ItemList.js","statementMap":{"0":{"start":{"line":5,"column":15},"end":{"line":40,"column":1}},"1":{"start":{"line":6,"column":19},"end":{"line":6,"column":32}},"2":{"start":{"line":8,"column":24},"end":{"line":11,"column":5}},"3":{"start":{"line":10,"column":8},"end":{"line":10,"column":33}},"4":{"start":{"line":13,"column":4},"end":{"line":39,"column":5}},"5":{"start":{"line":16,"column":8},"end":{"line":36,"column":14}},"6":{"start":{"line":30,"column":25},"end":{"line":30,"column":44}}},"fnMap":{"0":{"name":"(anonymous_0)","decl":{"start":{"line":5,"column":15},"end":{"line":5,"column":16}},"loc":{"start":{"line":5,"column":26},"end":{"line":40,"column":1}},"line":5},"1":{"name":"(anonymous_1)","decl":{"start":{"line":8,"column":24},"end":{"line":8,"column":25}},"loc":{"start":{"line":8,"column":32},"end":{"line":11,"column":5}},"line":8},"2":{"name":"(anonymous_2)","decl":{"start":{"line":15,"column":19},"end":{"line":15,"column":20}},"loc":{"start":{"line":16,"column":8},"end":{"line":36,"column":14}},"line":16},"3":{"name":"(anonymous_3)","decl":{"start":{"line":30,"column":21},"end":{"line":30,"column":22}},"loc":{"start":{"line":30,"column":25},"end":{"line":30,"column":44}},"line":30}},"branchMap":{"0":{"loc":{"start":{"line":23,"column":16},"end":{"line":23,"column":75}},"type":"binary-expr","locations":[{"start":{"line":23,"column":16},"end":{"line":23,"column":40}},{"start":{"line":23,"column":44},"end":{"line":23,"column":75}}],"line":23}},"s":{"0":1,"1":5,"2":5,"3":2,"4":5,"5":23,"6":2},"f":{"0":5,"1":2,"2":23,"3":2},"b":{"0":[23,0]},"_coverageSchema":"1a1c01bbd47fc00a2c39e90264f33305004495a9","hash":"2bae8ca61d91e737ebbf44eb08a09c079647a314"}
,"C:\\Users\\ss998\\web dev\\Namaste React\\src\\components\\Rescard.js": {"path":"C:\\Users\\ss998\\web dev\\Namaste React\\src\\components\\Rescard.js","statementMap":{"0":{"start":{"line":3,"column":14},"end":{"line":30,"column":2}},"1":{"start":{"line":4,"column":20},"end":{"line":4,"column":25}},"2":{"start":{"line":15,"column":8},"end":{"line":15,"column":21}},"3":{"start":{"line":17,"column":5},"end":{"line":29,"column":6}},"4":{"start":{"line":35,"column":32},"end":{"line":44,"column":2}},"5":{"start":{"line":36,"column":4},"end":{"line":43,"column":5}},"6":{"start":{"line":37,"column":8},"end":{"line":42,"column":9}}},"fnMap":{"0":{"name":"(anonymous_0)","decl":{"start":{"line":3,"column":14},"end":{"line":3,"column":15}},"loc":{"start":{"line":3,"column":23},"end":{"line":30,"column":2}},"line":3},"1":{"name":"(anonymous_1)","decl":{"start":{"line":35,"column":32},"end":{"line":35,"column":33}},"loc":{"start":{"line":35,"column":43},"end":{"line":44,"column":2}},"line":35},"2":{"name":"(anonymous_2)","decl":{"start":{"line":36,"column":11},"end":{"line":36,"column":12}},"loc":{"start":{"line":36,"column":20},"end":{"line":43,"column":5}},"line":36}},"branchMap":{"0":{"loc":{"start":{"line":23,"column":18},"end":{"line":23,"column":60}},"type":"cond-expr","locations":[{"start":{"line":23,"column":27},"end":{"line":23,"column":46}},{"start":{"line":23,"column":47},"end":{"line":23,"column":60}}],"line":23}},"s":{"0":2,"1":67,"2":67,"3":67,"4":2,"5":7,"6":12},"f":{"0":67,"1":7,"2":12},"b":{"0":[67,0]},"_coverageSchema":"1a1c01bbd47fc00a2c39e90264f33305004495a9","hash":"2e4df6815623e00b96759f08f24d2e9f1bac621c"}
,"C:\\Users\\ss998\\web dev\\Namaste React\\src\\components\\RestaurantCategory.js": {"path":"C:\\Users\\ss998\\web dev\\Namaste React\\src\\components\\RestaurantCategory.js","statementMap":{"0":{"start":{"line":4,"column":25},"end":{"line":21,"column":1}},"1":{"start":{"line":6,"column":22},"end":{"line":10,"column":5}},"2":{"start":{"line":8,"column":8},"end":{"line":8,"column":23}},"3":{"start":{"line":12,"column":4},"end":{"line":20,"column":5}}},"fnMap":{"0":{"name":"(anonymous_0)","decl":{"start":{"line":4,"column":25},"end":{"line":4,"column":26}},"loc":{"start":{"line":4,"column":59},"end":{"line":21,"column":1}},"line":4},"1":{"name":"(anonymous_1)","decl":{"start":{"line":6,"column":22},"end":{"line":6,"column":23}},"loc":{"start":{"line":6,"column":26},"end":{"line":10,"column":5}},"line":6}},"branchMap":{"0":{"loc":{"start":{"line":18,"column":12},"end":{"line":18,"column":59}},"type":"binary-expr","locations":[{"start":{"line":18,"column":12},"end":{"line":18,"column":21}},{"start":{"line":18,"column":25},"end":{"line":18,"column":59}}],"line":18}},"s":{"0":1,"1":30,"2":1,"3":30},"f":{"0":30,"1":1},"b":{"0":[30,1]},"_coverageSchema":"1a1c01bbd47fc00a2c39e90264f33305004495a9","hash":"02e7b0de6d4ed6063f5dac144d40a8d2e936a300"}
,"C:\\Users\\ss998\\web dev\\Namaste React\\src\\components\\RestaurantMenu.js": {"path":"C:\\Users\\ss998\\web dev\\Namaste React\\src\\components\\RestaurantMenu.js","statementMap":{"0":{"start":{"line":7,"column":21},"end":{"line":38,"column":1}},"1":{"start":{"line":8,"column":20},"end":{"line":8,"column":31}},"2":{"start":{"line":9,"column":18},"end":{"line":9,"column":35}},"3":{"start":{"line":11,"column":35},"end":{"line":11,"column":49}},"4":{"start":{"line":13,"column":4},"end":{"line":13,"column":40}},"5":{"start":{"line":13,"column":23},"end":{"line":13,"column":40}},"6":{"start":{"line":15,"column":45},"end":{"line":15,"column":80}},"7":{"start":{"line":16,"column":22},"end":{"line":16,"column":97}},"8":{"start":{"line":18,"column":25},"end":{"line":20,"column":9}},"9":{"start":{"line":19,"column":17},"end":{"line":19,"column":105}},"10":{"start":{"line":22,"column":4},"end":{"line":37,"column":5}},"11":{"start":{"line":28,"column":20},"end":{"line":33,"column":22}},"12":{"start":{"line":32,"column":38},"end":{"line":32,"column":57}}},"fnMap":{"0":{"name":"(anonymous_0)","decl":{"start":{"line":7,"column":21},"end":{"line":7,"column":22}},"loc":{"start":{"line":7,"column":25},"end":{"line":38,"column":1}},"line":7},"1":{"name":"(anonymous_1)","decl":{"start":{"line":19,"column":12},"end":{"line":19,"column":13}},"loc":{"start":{"line":19,"column":17},"end":{"line":19,"column":105}},"line":19},"2":{"name":"(anonymous_2)","decl":{"start":{"line":27,"column":31},"end":{"line":27,"column":32}},"loc":{"start":{"line":28,"column":20},"end":{"line":33,"column":22}},"line":28},"3":{"name":"(anonymous_3)","decl":{"start":{"line":32,"column":34},"end":{"line":32,"column":35}},"loc":{"start":{"line":32,"column":38},"end":{"line":32,"column":57}},"line":32}},"branchMap":{"0":{"loc":{"start":{"line":13,"column":4},"end":{"line":13,"column":40}},"type":"if","locations":[{"start":{"line":13,"column":4},"end":{"line":13,"column":40}},{"start":{},"end":{}}],"line":13},"1":{"loc":{"start":{"line":22,"column":11},"end":{"line":37,"column":5}},"type":"cond-expr","locations":[{"start":{"line":22,"column":28},"end":{"line":22,"column":38}},{"start":{"line":23,"column":8},"end":{"line":36,"column":14}}],"line":22},"2":{"loc":{"start":{"line":31,"column":31},"end":{"line":31,"column":59}},"type":"cond-expr","locations":[{"start":{"line":31,"column":49},"end":{"line":31,"column":53}},{"start":{"line":31,"column":54},"end":{"line":31,"column":59}}],"line":31}},"s":{"0":1,"1":3,"2":3,"3":3,"4":3,"5":1,"6":2,"7":2,"8":2,"9":38,"10":2,"11":30,"12":1},"f":{"0":3,"1":38,"2":30,"3":1},"b":{"0":[1,2],"1":[0,2],"2":[1,29]},"_coverageSchema":"1a1c01bbd47fc00a2c39e90264f33305004495a9","hash":"2e72b555de6cd38ba259e2b0badbd11429c6b738"}
,"C:\\Users\\ss998\\web dev\\Namaste React\\src\\components\\Shimmer.js": {"path":"C:\\Users\\ss998\\web dev\\Namaste React\\src\\components\\Shimmer.js","statementMap":{"0":{"start":{"line":1,"column":14},"end":{"line":20,"column":1}},"1":{"start":{"line":2,"column":4},"end":{"line":19,"column":6}}},"fnMap":{"0":{"name":"(anonymous_0)","decl":{"start":{"line":1,"column":14},"end":{"line":1,"column":15}},"loc":{"start":{"line":1,"column":18},"end":{"line":20,"column":1}},"line":1}},"branchMap":{},"s":{"0":2,"1":3},"f":{"0":3},"b":{},"_coverageSchema":"1a1c01bbd47fc00a2c39e90264f33305004495a9","hash":"f84b1141af14947a1d498ffb21d00d24b4a05622"}
,"C:\\Users\\ss998\\web dev\\Namaste React\\src\\components\\sum.js": {"path":"C:\\Users\\ss998\\web dev\\Namaste React\\src\\components\\sum.js","statementMap":{"0":{"start":{"line":1,"column":17},"end":{"line":3,"column":1}},"1":{"start":{"line":2,"column":4},"end":{"line":2,"column":15}}},"fnMap":{"0":{"name":"(anonymous_0)","decl":{"start":{"line":1,"column":17},"end":{"line":1,"column":18}},"loc":{"start":{"line":1,"column":24},"end":{"line":3,"column":1}},"line":1}},"branchMap":{},"s":{"0":1,"1":1},"f":{"0":1},"b":{},"_coverageSchema":"1a1c01bbd47fc00a2c39e90264f33305004495a9","hash":"41ee545bbe82e7f35f8e5d58d22023fc1aa1c52f"}
,"C:\\Users\\ss998\\web dev\\Namaste React\\src\\utils\\UserContext.js": {"path":"C:\\Users\\ss998\\web dev\\Namaste React\\src\\utils\\UserContext.js","statementMap":{"0":{"start":{"line":3,"column":18},"end":{"line":5,"column":2}}},"fnMap":{},"branchMap":{},"s":{"0":3},"f":{},"b":{},"_coverageSchema":"1a1c01bbd47fc00a2c39e90264f33305004495a9","hash":"9711bbbf6b33b2138b2fd420551e4ffc5d28e5e9"}
,"C:\\Users\\ss998\\web dev\\Namaste React\\src\\utils\\appStore.js": {"path":"C:\\Users\\ss998\\web dev\\Namaste React\\src\\utils\\appStore.js","statementMap":{"0":{"start":{"line":4,"column":15},"end":{"line":8,"column":2}}},"fnMap":{},"branchMap":{},"s":{"0":2},"f":{},"b":{},"_coverageSchema":"1a1c01bbd47fc00a2c39e90264f33305004495a9","hash":"44c70c40c89cb9817156d0f2318274b1f3f297f6"}
,"C:\\Users\\ss998\\web dev\\Namaste React\\src\\utils\\cartSlice.js": {"path":"C:\\Users\\ss998\\web dev\\Namaste React\\src\\utils\\cartSlice.js","statementMap":{"0":{"start":{"line":4,"column":17},"end":{"line":21,"column":2}},"1":{"start":{"line":12,"column":12},"end":{"line":12,"column":45}},"2":{"start":{"line":15,"column":12},"end":{"line":15,"column":30}},"3":{"start":{"line":18,"column":12},"end":{"line":18,"column":33}},"4":{"start":{"line":23,"column":46},"end":{"line":23,"column":63}}},"fnMap":{"0":{"name":"(anonymous_0)","decl":{"start":{"line":10,"column":18},"end":{"line":10,"column":19}},"loc":{"start":{"line":10,"column":34},"end":{"line":13,"column":9}},"line":10},"1":{"name":"(anonymous_1)","decl":{"start":{"line":14,"column":21},"end":{"line":14,"column":22}},"loc":{"start":{"line":14,"column":30},"end":{"line":16,"column":9}},"line":14},"2":{"name":"(anonymous_2)","decl":{"start":{"line":17,"column":19},"end":{"line":17,"column":20}},"loc":{"start":{"line":17,"column":28},"end":{"line":19,"column":9}},"line":17}},"branchMap":{},"s":{"0":2,"1":2,"2":0,"3":1,"4":2},"f":{"0":2,"1":0,"2":1},"b":{},"_coverageSchema":"1a1c01bbd47fc00a2c39e90264f33305004495a9","hash":"4bcf9d9641a81319062024d18f23477a46cb4757"}
,"C:\\Users\\ss998\\web dev\\Namaste React\\src\\utils\\constants.js": {"path":"C:\\Users\\ss998\\web dev\\Namaste React\\src\\utils\\constants.js","statementMap":{"0":{"start":{"line":1,"column":22},"end":{"line":1,"column":140}},"1":{"start":{"line":3,"column":21},"end":{"line":3,"column":104}},"2":{"start":{"line":5,"column":26},"end":{"line":5,"column":156}}},"fnMap":{},"branchMap":{},"s":{"0":4,"1":4,"2":4},"f":{},"b":{},"_coverageSchema":"1a1c01bbd47fc00a2c39e90264f33305004495a9","hash":"3bba5c3781a0523eabf9756c7927c5aad38c1d3f"}
,"C:\\Users\\ss998\\web dev\\Namaste React\\src\\utils\\useOnlineStatus.js": {"path":"C:\\Users\\ss998\\web dev\\Namaste React\\src\\utils\\useOnlineStatus.js","statementMap":{"0":{"start":{"line":3,"column":22},"end":{"line":14,"column":1}},"1":{"start":{"line":4,"column":41},"end":{"line":4,"column":55}},"2":{"start":{"line":5,"column":4},"end":{"line":12,"column":10}},"3":{"start":{"line":6,"column":8},"end":{"line":8,"column":11}},"4":{"start":{"line":7,"column":12},"end":{"line":7,"column":35}},"5":{"start":{"line":9,"column":8},"end":{"line":11,"column":11}},"6":{"start":{"line":10,"column":12},"end":{"line":10,"column":34}},"7":{"start":{"line":13,"column":4},"end":{"line":13,"column":24}}},"fnMap":{"0":{"name":"(anonymous_0)","decl":{"start":{"line":3,"column":22},"end":{"line":3,"column":23}},"loc":{"start":{"line":3,"column":26},"end":{"line":14,"column":1}},"line":3},"1":{"name":"(anonymous_1)","decl":{"start":{"line":5,"column":14},"end":{"line":5,"column":15}},"loc":{"start":{"line":5,"column":18},"end":{"line":12,"column":5}},"line":5},"2":{"name":"(anonymous_2)","decl":{"start":{"line":6,"column":42},"end":{"line":6,"column":43}},"loc":{"start":{"line":6,"column":46},"end":{"line":8,"column":9}},"line":6},"3":{"name":"(anonymous_3)","decl":{"start":{"line":9,"column":42},"end":{"line":9,"column":43}},"loc":{"start":{"line":9,"column":46},"end":{"line":11,"column":9}},"line":9}},"branchMap":{},"s":{"0":3,"1":7,"2":7,"3":2,"4":0,"5":2,"6":0,"7":7},"f":{"0":7,"1":2,"2":0,"3":0},"b":{},"_coverageSchema":"1a1c01bbd47fc00a2c39e90264f33305004495a9","hash":"010ab451fbfdb389cc0fa2582dee0955b529b852"}
,"C:\\Users\\ss998\\web dev\\Namaste React\\src\\utils\\useResMenu.js": {"path":"C:\\Users\\ss998\\web dev\\Namaste React\\src\\utils\\useResMenu.js","statementMap":{"0":{"start":{"line":5,"column":17},"end":{"line":16,"column":1}},"1":{"start":{"line":6,"column":31},"end":{"line":6,"column":45}},"2":{"start":{"line":7,"column":4},"end":{"line":9,"column":10}},"3":{"start":{"line":8,"column":8},"end":{"line":8,"column":20}},"4":{"start":{"line":10,"column":20},"end":{"line":14,"column":5}},"5":{"start":{"line":11,"column":19},"end":{"line":11,"column":52}},"6":{"start":{"line":12,"column":19},"end":{"line":12,"column":36}},"7":{"start":{"line":13,"column":8},"end":{"line":13,"column":30}},"8":{"start":{"line":15,"column":4},"end":{"line":15,"column":19}}},"fnMap":{"0":{"name":"(anonymous_0)","decl":{"start":{"line":5,"column":17},"end":{"line":5,"column":18}},"loc":{"start":{"line":5,"column":26},"end":{"line":16,"column":1}},"line":5},"1":{"name":"(anonymous_1)","decl":{"start":{"line":7,"column":14},"end":{"line":7,"column":15}},"loc":{"start":{"line":7,"column":18},"end":{"line":9,"column":5}},"line":7},"2":{"name":"(anonymous_2)","decl":{"start":{"line":10,"column":20},"end":{"line":10,"column":21}},"loc":{"start":{"line":10,"column":29},"end":{"line":14,"column":5}},"line":10}},"branchMap":{},"s":{"0":1,"1":3,"2":3,"3":1,"4":3,"5":1,"6":1,"7":1,"8":3},"f":{"0":3,"1":1,"2":1},"b":{},"_coverageSchema":"1a1c01bbd47fc00a2c39e90264f33305004495a9","hash":"427464edb82386652dd345280af2bb62e6efc000"}
}
