TN:
SF:src\components\Body.js
FN:8,(anonymous_0)
FN:16,(anonymous_1)
FN:20,(anonymous_2)
FN:44,(anonymous_3)
FN:47,(anonymous_4)
FN:48,(anonymous_5)
FN:53,(anonymous_6)
FN:55,(anonymous_7)
FN:65,(anonymous_8)
FN:71,(anonymous_9)
FNF:10
FNH:9
FNDA:7,(anonymous_0)
FNDA:2,(anonymous_1)
FNDA:2,(anonymous_2)
FNDA:1,(anonymous_3)
FNDA:1,(anonymous_4)
FNDA:20,(anonymous_5)
FNDA:1,(anonymous_6)
FNDA:20,(anonymous_7)
FNDA:0,(anonymous_8)
FNDA:66,(anonymous_9)
DA:8,1
DA:10,7
DA:11,7
DA:12,7
DA:14,7
DA:16,7
DA:17,2
DA:20,7
DA:21,2
DA:24,2
DA:26,2
DA:27,2
DA:30,7
DA:32,7
DA:34,7
DA:36,7
DA:38,5
DA:45,1
DA:48,20
DA:49,1
DA:54,1
DA:55,20
DA:57,1
DA:65,0
DA:72,66
LF:25
LH:24
BRDA:32,0,0,0
BRDA:32,0,1,7
BRDA:36,1,0,2
BRDA:36,1,1,5
BRDA:74,2,0,12
BRDA:74,2,1,54
BRF:6
BRH:5
end_of_record
TN:
SF:src\components\Cart.js
FN:5,(anonymous_0)
FN:7,(anonymous_1)
FN:11,(anonymous_2)
FNF:3
FNH:3
FNDA:4,(anonymous_0)
FNDA:8,(anonymous_1)
FNDA:1,(anonymous_2)
DA:5,1
DA:7,8
DA:9,4
DA:11,4
DA:12,1
DA:15,4
LF:6
LH:6
BRDA:22,0,0,4
BRDA:22,0,1,2
BRF:2
BRH:2
end_of_record
TN:
SF:src\components\Contact.js
FN:1,(anonymous_0)
FNF:1
FNH:1
FNDA:3,(anonymous_0)
DA:1,1
DA:2,3
LF:2
LH:2
BRF:0
BRH:0
end_of_record
TN:
SF:src\components\Header.js
FN:8,(anonymous_0)
FN:15,(anonymous_1)
FN:34,(anonymous_2)
FNF:3
FNH:3
FNDA:9,(anonymous_0)
FNDA:17,(anonymous_1)
FNDA:1,(anonymous_2)
DA:8,2
DA:9,9
DA:13,9
DA:15,17
DA:18,9
DA:35,1
LF:6
LH:6
BRDA:35,0,0,1
BRDA:35,0,1,0
BRF:2
BRH:1
end_of_record
TN:
SF:src\components\ItemList.js
FN:5,(anonymous_0)
FN:8,(anonymous_1)
FN:15,(anonymous_2)
FN:30,(anonymous_3)
FNF:4
FNH:4
FNDA:5,(anonymous_0)
FNDA:2,(anonymous_1)
FNDA:23,(anonymous_2)
FNDA:2,(anonymous_3)
DA:5,1
DA:6,5
DA:8,5
DA:10,2
DA:13,5
DA:16,23
DA:30,2
LF:7
LH:7
BRDA:23,0,0,23
BRDA:23,0,1,0
BRF:2
BRH:1
end_of_record
TN:
SF:src\components\Rescard.js
FN:3,(anonymous_0)
FN:35,(anonymous_1)
FN:36,(anonymous_2)
FNF:3
FNH:3
FNDA:67,(anonymous_0)
FNDA:7,(anonymous_1)
FNDA:12,(anonymous_2)
DA:3,2
DA:4,67
DA:15,67
DA:17,67
DA:35,2
DA:36,7
DA:37,12
LF:7
LH:7
BRDA:23,0,0,67
BRDA:23,0,1,0
BRF:2
BRH:1
end_of_record
TN:
SF:src\components\RestaurantCategory.js
FN:4,(anonymous_0)
FN:6,(anonymous_1)
FNF:2
FNH:2
FNDA:30,(anonymous_0)
FNDA:1,(anonymous_1)
DA:4,1
DA:6,30
DA:8,1
DA:12,30
LF:4
LH:4
BRDA:18,0,0,30
BRDA:18,0,1,1
BRF:2
BRH:2
end_of_record
TN:
SF:src\components\RestaurantMenu.js
FN:7,(anonymous_0)
FN:19,(anonymous_1)
FN:27,(anonymous_2)
FN:32,(anonymous_3)
FNF:4
FNH:4
FNDA:3,(anonymous_0)
FNDA:38,(anonymous_1)
FNDA:30,(anonymous_2)
FNDA:1,(anonymous_3)
DA:7,1
DA:8,3
DA:9,3
DA:11,3
DA:13,3
DA:15,2
DA:16,2
DA:18,2
DA:19,38
DA:22,2
DA:28,30
DA:32,1
LF:12
LH:12
BRDA:13,0,0,1
BRDA:13,0,1,2
BRDA:22,1,0,0
BRDA:22,1,1,2
BRDA:31,2,0,1
BRDA:31,2,1,29
BRF:6
BRH:5
end_of_record
TN:
SF:src\components\Shimmer.js
FN:1,(anonymous_0)
FNF:1
FNH:1
FNDA:3,(anonymous_0)
DA:1,2
DA:2,3
LF:2
LH:2
BRF:0
BRH:0
end_of_record
TN:
SF:src\components\sum.js
FN:1,(anonymous_0)
FNF:1
FNH:1
FNDA:1,(anonymous_0)
DA:1,1
DA:2,1
LF:2
LH:2
BRF:0
BRH:0
end_of_record
TN:
SF:src\utils\UserContext.js
FNF:0
FNH:0
DA:3,3
LF:1
LH:1
BRF:0
BRH:0
end_of_record
TN:
SF:src\utils\appStore.js
FNF:0
FNH:0
DA:4,2
LF:1
LH:1
BRF:0
BRH:0
end_of_record
TN:
SF:src\utils\cartSlice.js
FN:10,(anonymous_0)
FN:14,(anonymous_1)
FN:17,(anonymous_2)
FNF:3
FNH:2
FNDA:2,(anonymous_0)
FNDA:0,(anonymous_1)
FNDA:1,(anonymous_2)
DA:4,2
DA:12,2
DA:15,0
DA:18,1
DA:23,2
LF:5
LH:4
BRF:0
BRH:0
end_of_record
TN:
SF:src\utils\constants.js
FNF:0
FNH:0
DA:1,4
DA:3,4
DA:5,4
LF:3
LH:3
BRF:0
BRH:0
end_of_record
TN:
SF:src\utils\useOnlineStatus.js
FN:3,(anonymous_0)
FN:5,(anonymous_1)
FN:6,(anonymous_2)
FN:9,(anonymous_3)
FNF:4
FNH:2
FNDA:7,(anonymous_0)
FNDA:2,(anonymous_1)
FNDA:0,(anonymous_2)
FNDA:0,(anonymous_3)
DA:3,3
DA:4,7
DA:5,7
DA:6,2
DA:7,0
DA:9,2
DA:10,0
DA:13,7
LF:8
LH:6
BRF:0
BRH:0
end_of_record
TN:
SF:src\utils\useResMenu.js
FN:5,(anonymous_0)
FN:7,(anonymous_1)
FN:10,(anonymous_2)
FNF:3
FNH:3
FNDA:3,(anonymous_0)
FNDA:1,(anonymous_1)
FNDA:1,(anonymous_2)
DA:5,1
DA:6,3
DA:7,3
DA:8,1
DA:10,3
DA:11,1
DA:12,1
DA:13,1
DA:15,3
LF:9
LH:9
BRF:0
BRH:0
end_of_record
